[16:14:20] [Client thread/INFO]: Setting user: Player943
[16:14:22] [Client thread/WARN]: Skipping bad option: lastServer:
[16:14:22] [Client thread/INFO]: LWJGL Version: 2.9.4
[16:14:23] [Client thread/INFO]: [STDOUT]: ---- Minecraft Crash Report ----
// I feel sad now :(

Time: 5/14/17 4:14 PM
Description: Loading screen debug info

This is just a prompt for computer specs to be printed. THIS IS NOT A ERROR


A detailed walkthrough of the error, its code path and all known details is as follows:
---------------------------------------------------------------------------------------

-- System Details --
Details:
	Minecraft Version: 1.11.2
	Operating System: Linux (amd64) version 4.4.0-75-generic
	Java Version: 1.8.0_131, Oracle Corporation
	Java VM Version: Java HotSpot(TM) 64-Bit Server VM (mixed mode), Oracle Corporation
	Memory: 658015704 bytes (627 MB) / 1037959168 bytes (989 MB) up to 1037959168 bytes (989 MB)
	JVM Flags: 3 total; -Xincgc -Xmx1024M -Xms1024M
	IntCache: cache: 0, tcache: 0, allocated: 0, tallocated: 0
	FML: 
	Loaded coremods (and transformers): 
	GL info: ' Vendor: 'NVIDIA Corporation' Version: '4.5.0 NVIDIA 375.39' Renderer: 'GeForce GTX 980/PCIe/SSE2'
[16:14:24] [Client thread/INFO]: Reloading ResourceManager: Default, FMLFileResourcePack:Forge Mod Loader, FMLFileResourcePack:Minecraft Forge, FMLFileResourcePack:Ambient Events
[16:14:25] [Sound Library Loader/INFO]: Starting up SoundSystem...
[16:14:25] [Thread-7/INFO]: Initializing LWJGL OpenAL
[16:14:25] [Thread-7/INFO]: (The LWJGL binding of OpenAL.  For more information, see http://www.lwjgl.org)
[16:14:25] [Thread-7/INFO]: OpenAL initialized.
[16:14:26] [Sound Library Loader/INFO]: Sound engine started
[16:14:26] [Client thread/INFO]: Created: 16x16 textures-atlas
[16:14:26] [Client thread/INFO]: Reloading ResourceManager: Default, FMLFileResourcePack:Forge Mod Loader, FMLFileResourcePack:Minecraft Forge, FMLFileResourcePack:Ambient Events
[16:14:27] [Client thread/INFO]: SoundSystem shutting down...
[16:14:27] [Client thread/WARN]: Author: Paul Lamb, www.paulscode.com
[16:14:27] [Sound Library Loader/INFO]: Starting up SoundSystem...
[16:14:27] [Thread-9/INFO]: Initializing LWJGL OpenAL
[16:14:27] [Thread-9/INFO]: (The LWJGL binding of OpenAL.  For more information, see http://www.lwjgl.org)
[16:14:27] [Thread-9/INFO]: OpenAL initialized.
[16:14:28] [Sound Library Loader/INFO]: Sound engine started
[16:14:28] [Client thread/INFO]: Created: 512x512 textures-atlas
[16:14:29] [Client thread/WARN]: Skipping bad option: lastServer:
[16:14:29] [Realms Notification Availability checker #1/INFO]: Could not authorize you against Realms server: Invalid session id
[16:14:33] [Server thread/INFO]: Starting integrated minecraft server version 1.11.2
[16:14:33] [Server thread/INFO]: Generating keypair
[16:14:34] [Server thread/INFO]: Preparing start region for level 0
[16:14:35] [Server thread/INFO]: Changing view distance to 12, from 10
[16:14:35] [Server thread/INFO]: Player943[local:E:6a2ecf2b] logged in with entity id 275 at (-96.51813223643174, 104.39165986040808, 207.80980639963323)
[16:14:35] [Server thread/INFO]: Player943 joined the game
[16:14:36] [Server thread/INFO]: Saving and pausing game...
[16:14:36] [Server thread/INFO]: Saving chunks for level 'New World'/Overworld
[16:14:36] [Server thread/INFO]: Saving chunks for level 'New World'/Nether
[16:14:36] [Server thread/INFO]: Saving chunks for level 'New World'/The End
[16:14:36] [pool-2-thread-1/WARN]: Couldn't look up profile properties for com.mojang.authlib.GameProfile@3c4851f8[id=2250da04-2be8-3508-9a2e-a09e550d0033,name=Player943,properties={},legacy=false]
com.mojang.authlib.exceptions.AuthenticationException: The client has sent too many requests within a certain amount of time
	at com.mojang.authlib.yggdrasil.YggdrasilAuthenticationService.makeRequest(YggdrasilAuthenticationService.java:79) ~[YggdrasilAuthenticationService.class:?]
	at com.mojang.authlib.yggdrasil.YggdrasilMinecraftSessionService.fillGameProfile(YggdrasilMinecraftSessionService.java:180) [YggdrasilMinecraftSessionService.class:?]
	at com.mojang.authlib.yggdrasil.YggdrasilMinecraftSessionService$1.load(YggdrasilMinecraftSessionService.java:60) [YggdrasilMinecraftSessionService$1.class:?]
	at com.mojang.authlib.yggdrasil.YggdrasilMinecraftSessionService$1.load(YggdrasilMinecraftSessionService.java:57) [YggdrasilMinecraftSessionService$1.class:?]
	at com.google.common.cache.LocalCache$LoadingValueReference.loadFuture(LocalCache.java:3524) [guava-17.0.jar:?]
	at com.google.common.cache.LocalCache$Segment.loadSync(LocalCache.java:2317) [guava-17.0.jar:?]
	at com.google.common.cache.LocalCache$Segment.lockedGetOrLoad(LocalCache.java:2280) [guava-17.0.jar:?]
	at com.google.common.cache.LocalCache$Segment.get(LocalCache.java:2195) [guava-17.0.jar:?]
	at com.google.common.cache.LocalCache.get(LocalCache.java:3934) [guava-17.0.jar:?]
	at com.google.common.cache.LocalCache.getOrLoad(LocalCache.java:3938) [guava-17.0.jar:?]
	at com.google.common.cache.LocalCache$LocalLoadingCache.get(LocalCache.java:4821) [guava-17.0.jar:?]
	at com.google.common.cache.LocalCache$LocalLoadingCache.getUnchecked(LocalCache.java:4827) [guava-17.0.jar:?]
	at com.mojang.authlib.yggdrasil.YggdrasilMinecraftSessionService.fillProfileProperties(YggdrasilMinecraftSessionService.java:170) [YggdrasilMinecraftSessionService.class:?]
	at net.minecraft.client.Minecraft.getProfileProperties(Minecraft.java:3056) [Minecraft.class:?]
	at net.minecraft.client.resources.SkinManager$3.run(SkinManager.java:138) [SkinManager$3.class:?]
	at java.util.concurrent.Executors$RunnableAdapter.call(Executors.java:511) [?:1.8.0_131]
	at java.util.concurrent.FutureTask.run(FutureTask.java:266) [?:1.8.0_131]
	at java.util.concurrent.ThreadPoolExecutor.runWorker(ThreadPoolExecutor.java:1142) [?:1.8.0_131]
	at java.util.concurrent.ThreadPoolExecutor$Worker.run(ThreadPoolExecutor.java:617) [?:1.8.0_131]
	at java.lang.Thread.run(Thread.java:748) [?:1.8.0_131]
[16:15:02] [Server thread/INFO]: [Player943: Set the time to 0]
[16:15:02] [Client thread/INFO]: [CHAT] Set the time to 0
[16:16:54] [Server thread/INFO]: Saving and pausing game...
[16:16:54] [Server thread/INFO]: Saving chunks for level 'New World'/Overworld
[16:16:54] [Server thread/INFO]: Saving chunks for level 'New World'/Nether
[16:16:54] [Server thread/INFO]: Saving chunks for level 'New World'/The End
[16:16:55] [Server thread/INFO]: Stopping server
[16:16:55] [Server thread/INFO]: Saving players
[16:16:55] [Server thread/INFO]: Player943 lost connection: TextComponent{text='Disconnected', siblings=[], style=Style{hasParent=false, color=null, bold=null, italic=null, underlined=null, obfuscated=null, clickEvent=null, hoverEvent=null, insertion=null}}
[16:16:55] [Server thread/INFO]: Player943 left the game
[16:16:55] [Server thread/INFO]: Stopping singleplayer server as player logged out
[16:16:55] [Server thread/INFO]: Saving worlds
[16:16:55] [Server thread/INFO]: Saving chunks for level 'New World'/Overworld
[16:16:55] [Server thread/INFO]: Saving chunks for level 'New World'/Nether
[16:16:55] [Server thread/INFO]: Saving chunks for level 'New World'/The End
[16:16:56] [Client thread/INFO]: Stopping!
[16:16:56] [Client thread/INFO]: SoundSystem shutting down...
[16:16:56] [Client thread/WARN]: Author: Paul Lamb, www.paulscode.com
